[28-Apr-2015 00:38:57 UTC] PHP Fatal error:  Uncaught exception 'yii\base\ErrorException' with message 'Unknown: open(../session/sess_8c0ceacpgjcapupuiv9ltttdg1, O_RDWR) failed: No such file or directory (2)' in Unknown:0
Stack trace:
#0 [internal function]: yii\base\ErrorHandler->handleError(2, 'Unknown: open(....', 'Unknown', 0, Array)
#1 {main}
  thrown in Unknown on line 0
[28-Apr-2015 00:41:00 UTC] PHP Fatal error:  Uncaught exception 'yii\base\ErrorException' with message 'Unknown: open(../session/sess_edusn1bo7htkchl90hqtt6gg51, O_RDWR) failed: No such file or directory (2)' in Unknown:0
Stack trace:
#0 [internal function]: yii\base\ErrorHandler->handleError(2, 'Unknown: open(....', 'Unknown', 0, Array)
#1 {main}
  thrown in Unknown on line 0
[28-Apr-2015 00:43:21 UTC] PHP Fatal error:  Uncaught exception 'yii\base\ErrorException' with message 'Unknown: open(../session/sess_edusn1bo7htkchl90hqtt6gg51, O_RDWR) failed: No such file or directory (2)' in Unknown:0
Stack trace:
#0 [internal function]: yii\base\ErrorHandler->handleError(2, 'Unknown: open(....', 'Unknown', 0, Array)
#1 {main}
  thrown in Unknown on line 0
[28-Apr-2015 00:47:17 UTC] PHP Fatal error:  Uncaught exception 'yii\base\ErrorException' with message 'Unknown: open(../session/sess_8c0ceacpgjcapupuiv9ltttdg1, O_RDWR) failed: No such file or directory (2)' in Unknown:0
Stack trace:
#0 [internal function]: yii\base\ErrorHandler->handleError(2, 'Unknown: open(....', 'Unknown', 0, Array)
#1 {main}
  thrown in Unknown on line 0
[28-Apr-2015 00:50:32 UTC] PHP Fatal error:  Uncaught exception 'yii\base\ErrorException' with message 'Unknown: open(../session/sess_8c0ceacpgjcapupuiv9ltttdg1, O_RDWR) failed: No such file or directory (2)' in Unknown:0
Stack trace:
#0 [internal function]: yii\base\ErrorHandler->handleError(2, 'Unknown: open(....', 'Unknown', 0, Array)
#1 {main}
  thrown in Unknown on line 0
[28-Apr-2015 00:51:01 UTC] PHP Fatal error:  Uncaught exception 'yii\base\ErrorException' with message 'Unknown: open(../session/sess_8c0ceacpgjcapupuiv9ltttdg1, O_RDWR) failed: No such file or directory (2)' in Unknown:0
Stack trace:
#0 [internal function]: yii\base\ErrorHandler->handleError(2, 'Unknown: open(....', 'Unknown', 0, Array)
#1 {main}
  thrown in Unknown on line 0
[28-Apr-2015 00:51:04 UTC] PHP Fatal error:  Uncaught exception 'yii\base\ErrorException' with message 'Unknown: open(../session/sess_8c0ceacpgjcapupuiv9ltttdg1, O_RDWR) failed: No such file or directory (2)' in Unknown:0
Stack trace:
#0 [internal function]: yii\base\ErrorHandler->handleError(2, 'Unknown: open(....', 'Unknown', 0, Array)
#1 {main}
  thrown in Unknown on line 0
[28-Apr-2015 00:51:47 UTC] PHP Fatal error:  Uncaught exception 'yii\base\ErrorException' with message 'Unknown: open(../session/sess_8c0ceacpgjcapupuiv9ltttdg1, O_RDWR) failed: No such file or directory (2)' in Unknown:0
Stack trace:
#0 [internal function]: yii\base\ErrorHandler->handleError(2, 'Unknown: open(....', 'Unknown', 0, Array)
#1 {main}
  thrown in Unknown on line 0
[28-Apr-2015 00:51:49 UTC] PHP Fatal error:  Uncaught exception 'yii\base\ErrorException' with message 'Unknown: open(../session/sess_8c0ceacpgjcapupuiv9ltttdg1, O_RDWR) failed: No such file or directory (2)' in Unknown:0
Stack trace:
#0 [internal function]: yii\base\ErrorHandler->handleError(2, 'Unknown: open(....', 'Unknown', 0, Array)
#1 {main}
  thrown in Unknown on line 0
[28-Apr-2015 00:53:08 UTC] PHP Fatal error:  Uncaught exception 'yii\base\ErrorException' with message 'Unknown: open(../session/sess_8c0ceacpgjcapupuiv9ltttdg1, O_RDWR) failed: No such file or directory (2)' in Unknown:0
Stack trace:
#0 [internal function]: yii\base\ErrorHandler->handleError(2, 'Unknown: open(....', 'Unknown', 0, Array)
#1 {main}
  thrown in Unknown on line 0
[28-Apr-2015 00:53:35 UTC] PHP Fatal error:  Uncaught exception 'yii\base\ErrorException' with message 'Unknown: open(../session/sess_8c0ceacpgjcapupuiv9ltttdg1, O_RDWR) failed: No such file or directory (2)' in Unknown:0
Stack trace:
#0 [internal function]: yii\base\ErrorHandler->handleError(2, 'Unknown: open(....', 'Unknown', 0, Array)
#1 {main}
  thrown in Unknown on line 0
[28-Apr-2015 00:53:37 UTC] PHP Fatal error:  Uncaught exception 'yii\base\ErrorException' with message 'Unknown: open(../session/sess_8c0ceacpgjcapupuiv9ltttdg1, O_RDWR) failed: No such file or directory (2)' in Unknown:0
Stack trace:
#0 [internal function]: yii\base\ErrorHandler->handleError(2, 'Unknown: open(....', 'Unknown', 0, Array)
#1 {main}
  thrown in Unknown on line 0
[28-Apr-2015 00:54:00 UTC] PHP Fatal error:  Uncaught exception 'yii\base\ErrorException' with message 'Unknown: open(../session/sess_8c0ceacpgjcapupuiv9ltttdg1, O_RDWR) failed: No such file or directory (2)' in Unknown:0
Stack trace:
#0 [internal function]: yii\base\ErrorHandler->handleError(2, 'Unknown: open(....', 'Unknown', 0, Array)
#1 {main}
  thrown in Unknown on line 0
[28-Apr-2015 00:54:35 UTC] PHP Fatal error:  Uncaught exception 'yii\base\ErrorException' with message 'Unknown: open(../session/sess_8c0ceacpgjcapupuiv9ltttdg1, O_RDWR) failed: No such file or directory (2)' in Unknown:0
Stack trace:
#0 [internal function]: yii\base\ErrorHandler->handleError(2, 'Unknown: open(....', 'Unknown', 0, Array)
#1 {main}
  thrown in Unknown on line 0
[28-Apr-2015 00:55:51 UTC] PHP Fatal error:  Uncaught exception 'yii\base\ErrorException' with message 'Unknown: open(../session/sess_8c0ceacpgjcapupuiv9ltttdg1, O_RDWR) failed: No such file or directory (2)' in Unknown:0
Stack trace:
#0 [internal function]: yii\base\ErrorHandler->handleError(2, 'Unknown: open(....', 'Unknown', 0, Array)
#1 {main}
  thrown in Unknown on line 0
[28-Apr-2015 00:55:59 UTC] PHP Fatal error:  Uncaught exception 'yii\base\ErrorException' with message 'Unknown: open(../session/sess_8c0ceacpgjcapupuiv9ltttdg1, O_RDWR) failed: No such file or directory (2)' in Unknown:0
Stack trace:
#0 [internal function]: yii\base\ErrorHandler->handleError(2, 'Unknown: open(....', 'Unknown', 0, Array)
#1 {main}
  thrown in Unknown on line 0
[28-Apr-2015 00:56:02 UTC] PHP Fatal error:  Uncaught exception 'yii\base\ErrorException' with message 'Unknown: open(../session/sess_8c0ceacpgjcapupuiv9ltttdg1, O_RDWR) failed: No such file or directory (2)' in Unknown:0
Stack trace:
#0 [internal function]: yii\base\ErrorHandler->handleError(2, 'Unknown: open(....', 'Unknown', 0, Array)
#1 {main}
  thrown in Unknown on line 0
[28-Apr-2015 00:56:48 UTC] PHP Fatal error:  Uncaught exception 'yii\base\ErrorException' with message 'Unknown: open(../session/sess_8c0ceacpgjcapupuiv9ltttdg1, O_RDWR) failed: No such file or directory (2)' in Unknown:0
Stack trace:
#0 [internal function]: yii\base\ErrorHandler->handleError(2, 'Unknown: open(....', 'Unknown', 0, Array)
#1 {main}
  thrown in Unknown on line 0
[28-Apr-2015 00:56:54 UTC] PHP Fatal error:  Uncaught exception 'yii\base\ErrorException' with message 'Unknown: open(../session/sess_8c0ceacpgjcapupuiv9ltttdg1, O_RDWR) failed: No such file or directory (2)' in Unknown:0
Stack trace:
#0 [internal function]: yii\base\ErrorHandler->handleError(2, 'Unknown: open(....', 'Unknown', 0, Array)
#1 {main}
  thrown in Unknown on line 0
[28-Apr-2015 00:57:01 UTC] PHP Fatal error:  Uncaught exception 'yii\base\ErrorException' with message 'Unknown: open(../session/sess_8c0ceacpgjcapupuiv9ltttdg1, O_RDWR) failed: No such file or directory (2)' in Unknown:0
Stack trace:
#0 [internal function]: yii\base\ErrorHandler->handleError(2, 'Unknown: open(....', 'Unknown', 0, Array)
#1 {main}
  thrown in Unknown on line 0
[28-Apr-2015 00:59:20 UTC] PHP Fatal error:  Uncaught exception 'yii\base\ErrorException' with message 'Unknown: open(../session/sess_8c0ceacpgjcapupuiv9ltttdg1, O_RDWR) failed: No such file or directory (2)' in Unknown:0
Stack trace:
#0 [internal function]: yii\base\ErrorHandler->handleError(2, 'Unknown: open(....', 'Unknown', 0, Array)
#1 {main}
  thrown in Unknown on line 0
[28-Apr-2015 00:59:28 UTC] PHP Fatal error:  Uncaught exception 'yii\base\ErrorException' with message 'Unknown: open(../session/sess_8c0ceacpgjcapupuiv9ltttdg1, O_RDWR) failed: No such file or directory (2)' in Unknown:0
Stack trace:
#0 [internal function]: yii\base\ErrorHandler->handleError(2, 'Unknown: open(....', 'Unknown', 0, Array)
#1 {main}
  thrown in Unknown on line 0
[28-Apr-2015 01:00:02 UTC] PHP Fatal error:  Uncaught exception 'yii\base\ErrorException' with message 'Unknown: open(../session/sess_8c0ceacpgjcapupuiv9ltttdg1, O_RDWR) failed: No such file or directory (2)' in Unknown:0
Stack trace:
#0 [internal function]: yii\base\ErrorHandler->handleError(2, 'Unknown: open(....', 'Unknown', 0, Array)
#1 {main}
  thrown in Unknown on line 0
[28-Apr-2015 01:00:08 UTC] PHP Fatal error:  Uncaught exception 'yii\base\ErrorException' with message 'Unknown: open(../session/sess_8c0ceacpgjcapupuiv9ltttdg1, O_RDWR) failed: No such file or directory (2)' in Unknown:0
Stack trace:
#0 [internal function]: yii\base\ErrorHandler->handleError(2, 'Unknown: open(....', 'Unknown', 0, Array)
#1 {main}
  thrown in Unknown on line 0
[28-Apr-2015 01:00:12 UTC] PHP Fatal error:  Uncaught exception 'yii\base\ErrorException' with message 'Unknown: open(../session/sess_8c0ceacpgjcapupuiv9ltttdg1, O_RDWR) failed: No such file or directory (2)' in Unknown:0
Stack trace:
#0 [internal function]: yii\base\ErrorHandler->handleError(2, 'Unknown: open(....', 'Unknown', 0, Array)
#1 {main}
  thrown in Unknown on line 0
[28-Apr-2015 01:01:16 UTC] PHP Fatal error:  Uncaught exception 'yii\base\ErrorException' with message 'Unknown: open(../session/sess_8c0ceacpgjcapupuiv9ltttdg1, O_RDWR) failed: No such file or directory (2)' in Unknown:0
Stack trace:
#0 [internal function]: yii\base\ErrorHandler->handleError(2, 'Unknown: open(....', 'Unknown', 0, Array)
#1 {main}
  thrown in Unknown on line 0
[28-Apr-2015 01:01:27 UTC] PHP Fatal error:  Uncaught exception 'yii\base\ErrorException' with message 'Unknown: open(../session/sess_8c0ceacpgjcapupuiv9ltttdg1, O_RDWR) failed: No such file or directory (2)' in Unknown:0
Stack trace:
#0 [internal function]: yii\base\ErrorHandler->handleError(2, 'Unknown: open(....', 'Unknown', 0, Array)
#1 {main}
  thrown in Unknown on line 0
[28-Apr-2015 01:01:29 UTC] PHP Fatal error:  Uncaught exception 'yii\base\ErrorException' with message 'Unknown: open(../session/sess_8c0ceacpgjcapupuiv9ltttdg1, O_RDWR) failed: No such file or directory (2)' in Unknown:0
Stack trace:
#0 [internal function]: yii\base\ErrorHandler->handleError(2, 'Unknown: open(....', 'Unknown', 0, Array)
#1 {main}
  thrown in Unknown on line 0
[28-Apr-2015 01:05:21 UTC] PHP Fatal error:  Uncaught exception 'yii\base\ErrorException' with message 'Unknown: open(../session/sess_8c0ceacpgjcapupuiv9ltttdg1, O_RDWR) failed: No such file or directory (2)' in Unknown:0
Stack trace:
#0 [internal function]: yii\base\ErrorHandler->handleError(2, 'Unknown: open(....', 'Unknown', 0, Array)
#1 {main}
  thrown in Unknown on line 0
[28-Apr-2015 01:05:24 UTC] PHP Fatal error:  Uncaught exception 'yii\base\ErrorException' with message 'Unknown: open(../session/sess_8c0ceacpgjcapupuiv9ltttdg1, O_RDWR) failed: No such file or directory (2)' in Unknown:0
Stack trace:
#0 [internal function]: yii\base\ErrorHandler->handleError(2, 'Unknown: open(....', 'Unknown', 0, Array)
#1 {main}
  thrown in Unknown on line 0
[28-Apr-2015 01:05:27 UTC] PHP Fatal error:  Uncaught exception 'yii\base\ErrorException' with message 'Unknown: open(../session/sess_8c0ceacpgjcapupuiv9ltttdg1, O_RDWR) failed: No such file or directory (2)' in Unknown:0
Stack trace:
#0 [internal function]: yii\base\ErrorHandler->handleError(2, 'Unknown: open(....', 'Unknown', 0, Array)
#1 {main}
  thrown in Unknown on line 0
[28-Apr-2015 01:05:27 UTC] PHP Fatal error:  Uncaught exception 'yii\base\ErrorException' with message 'Unknown: open(../session/sess_8c0ceacpgjcapupuiv9ltttdg1, O_RDWR) failed: No such file or directory (2)' in Unknown:0
Stack trace:
#0 [internal function]: yii\base\ErrorHandler->handleError(2, 'Unknown: open(....', 'Unknown', 0, Array)
#1 {main}
  thrown in Unknown on line 0
[28-Apr-2015 01:05:29 UTC] PHP Fatal error:  Uncaught exception 'yii\base\ErrorException' with message 'Unknown: open(../session/sess_8c0ceacpgjcapupuiv9ltttdg1, O_RDWR) failed: No such file or directory (2)' in Unknown:0
Stack trace:
#0 [internal function]: yii\base\ErrorHandler->handleError(2, 'Unknown: open(....', 'Unknown', 0, Array)
#1 {main}
  thrown in Unknown on line 0
[28-Apr-2015 01:05:46 UTC] PHP Fatal error:  Uncaught exception 'yii\base\ErrorException' with message 'Unknown: open(../session/sess_8c0ceacpgjcapupuiv9ltttdg1, O_RDWR) failed: No such file or directory (2)' in Unknown:0
Stack trace:
#0 [internal function]: yii\base\ErrorHandler->handleError(2, 'Unknown: open(....', 'Unknown', 0, Array)
#1 {main}
  thrown in Unknown on line 0
[28-Apr-2015 01:05:50 UTC] PHP Fatal error:  Uncaught exception 'yii\base\ErrorException' with message 'Unknown: open(../session/sess_8c0ceacpgjcapupuiv9ltttdg1, O_RDWR) failed: No such file or directory (2)' in Unknown:0
Stack trace:
#0 [internal function]: yii\base\ErrorHandler->handleError(2, 'Unknown: open(....', 'Unknown', 0, Array)
#1 {main}
  thrown in Unknown on line 0
[28-Apr-2015 01:06:13 UTC] PHP Fatal error:  Uncaught exception 'yii\base\ErrorException' with message 'Unknown: open(../session/sess_8c0ceacpgjcapupuiv9ltttdg1, O_RDWR) failed: No such file or directory (2)' in Unknown:0
Stack trace:
#0 [internal function]: yii\base\ErrorHandler->handleError(2, 'Unknown: open(....', 'Unknown', 0, Array)
#1 {main}
  thrown in Unknown on line 0
[28-Apr-2015 01:06:15 UTC] PHP Fatal error:  Uncaught exception 'yii\base\ErrorException' with message 'Unknown: open(../session/sess_8c0ceacpgjcapupuiv9ltttdg1, O_RDWR) failed: No such file or directory (2)' in Unknown:0
Stack trace:
#0 [internal function]: yii\base\ErrorHandler->handleError(2, 'Unknown: open(....', 'Unknown', 0, Array)
#1 {main}
  thrown in Unknown on line 0
[28-Apr-2015 01:06:21 UTC] PHP Fatal error:  Uncaught exception 'yii\base\ErrorException' with message 'Unknown: open(../session/sess_8c0ceacpgjcapupuiv9ltttdg1, O_RDWR) failed: No such file or directory (2)' in Unknown:0
Stack trace:
#0 [internal function]: yii\base\ErrorHandler->handleError(2, 'Unknown: open(....', 'Unknown', 0, Array)
#1 {main}
  thrown in Unknown on line 0
[28-Apr-2015 01:06:23 UTC] PHP Fatal error:  Uncaught exception 'yii\base\ErrorException' with message 'Unknown: open(../session/sess_8c0ceacpgjcapupuiv9ltttdg1, O_RDWR) failed: No such file or directory (2)' in Unknown:0
Stack trace:
#0 [internal function]: yii\base\ErrorHandler->handleError(2, 'Unknown: open(....', 'Unknown', 0, Array)
#1 {main}
  thrown in Unknown on line 0
[28-Apr-2015 01:06:28 UTC] PHP Fatal error:  Uncaught exception 'yii\base\ErrorException' with message 'Unknown: open(../session/sess_8c0ceacpgjcapupuiv9ltttdg1, O_RDWR) failed: No such file or directory (2)' in Unknown:0
Stack trace:
#0 [internal function]: yii\base\ErrorHandler->handleError(2, 'Unknown: open(....', 'Unknown', 0, Array)
#1 {main}
  thrown in Unknown on line 0
[28-Apr-2015 01:06:36 UTC] PHP Fatal error:  Uncaught exception 'yii\base\ErrorException' with message 'Unknown: open(../session/sess_8c0ceacpgjcapupuiv9ltttdg1, O_RDWR) failed: No such file or directory (2)' in Unknown:0
Stack trace:
#0 [internal function]: yii\base\ErrorHandler->handleError(2, 'Unknown: open(....', 'Unknown', 0, Array)
#1 {main}
  thrown in Unknown on line 0
[28-Apr-2015 01:06:39 UTC] PHP Fatal error:  Uncaught exception 'yii\base\ErrorException' with message 'Unknown: open(../session/sess_8c0ceacpgjcapupuiv9ltttdg1, O_RDWR) failed: No such file or directory (2)' in Unknown:0
Stack trace:
#0 [internal function]: yii\base\ErrorHandler->handleError(2, 'Unknown: open(....', 'Unknown', 0, Array)
#1 {main}
  thrown in Unknown on line 0
[28-Apr-2015 01:11:01 UTC] PHP Fatal error:  Uncaught exception 'yii\base\ErrorException' with message 'Unknown: open(../session/sess_8c0ceacpgjcapupuiv9ltttdg1, O_RDWR) failed: No such file or directory (2)' in Unknown:0
Stack trace:
#0 [internal function]: yii\base\ErrorHandler->handleError(2, 'Unknown: open(....', 'Unknown', 0, Array)
#1 {main}
  thrown in Unknown on line 0
[28-Apr-2015 01:11:05 UTC] PHP Fatal error:  Uncaught exception 'yii\base\ErrorException' with message 'Unknown: open(../session/sess_8c0ceacpgjcapupuiv9ltttdg1, O_RDWR) failed: No such file or directory (2)' in Unknown:0
Stack trace:
#0 [internal function]: yii\base\ErrorHandler->handleError(2, 'Unknown: open(....', 'Unknown', 0, Array)
#1 {main}
  thrown in Unknown on line 0
[28-Apr-2015 01:11:56 UTC] PHP Fatal error:  Uncaught exception 'yii\base\ErrorException' with message 'Unknown: open(../session/sess_8c0ceacpgjcapupuiv9ltttdg1, O_RDWR) failed: No such file or directory (2)' in Unknown:0
Stack trace:
#0 [internal function]: yii\base\ErrorHandler->handleError(2, 'Unknown: open(....', 'Unknown', 0, Array)
#1 {main}
  thrown in Unknown on line 0
[28-Apr-2015 01:12:38 UTC] PHP Fatal error:  Uncaught exception 'yii\base\ErrorException' with message 'Unknown: open(../session/sess_8c0ceacpgjcapupuiv9ltttdg1, O_RDWR) failed: No such file or directory (2)' in Unknown:0
Stack trace:
#0 [internal function]: yii\base\ErrorHandler->handleError(2, 'Unknown: open(....', 'Unknown', 0, Array)
#1 {main}
  thrown in Unknown on line 0
[28-Apr-2015 01:12:43 UTC] PHP Fatal error:  Uncaught exception 'yii\base\ErrorException' with message 'Unknown: open(../session/sess_8c0ceacpgjcapupuiv9ltttdg1, O_RDWR) failed: No such file or directory (2)' in Unknown:0
Stack trace:
#0 [internal function]: yii\base\ErrorHandler->handleError(2, 'Unknown: open(....', 'Unknown', 0, Array)
#1 {main}
  thrown in Unknown on line 0
